<?xml version="1.0" encoding="UTF-8"?>
<coverage generated="1621563987762" clover="3.2.0">
  <project timestamp="1621563987763" name="All files">
    <metrics statements="93" coveredstatements="84" conditionals="50" coveredconditionals="40" methods="7" coveredmethods="7" elements="150" coveredelements="131" complexity="0" loc="93" ncloc="93" packages="1" files="2" classes="2"/>
    <file name="paper.js" path="/Users/d.parson/Documents/GitHub/kata-pencil-durability/kata/paper.js">
      <metrics statements="4" coveredstatements="4" conditionals="2" coveredconditionals="2" methods="1" coveredmethods="1"/>
      <line num="3" count="13" type="cond" truecount="2" falsecount="0"/>
      <line num="4" count="13" type="stmt"/>
      <line num="5" count="13" type="stmt"/>
      <line num="9" count="2" type="stmt"/>
    </file>
    <file name="pencil.js" path="/Users/d.parson/Documents/GitHub/kata-pencil-durability/kata/pencil.js">
      <metrics statements="89" coveredstatements="80" conditionals="48" coveredconditionals="38" methods="6" coveredmethods="6"/>
      <line num="3" count="14" type="cond" truecount="2" falsecount="0"/>
      <line num="4" count="14" type="cond" truecount="2" falsecount="0"/>
      <line num="5" count="14" type="cond" truecount="2" falsecount="0"/>
      <line num="6" count="14" type="cond" truecount="2" falsecount="0"/>
      <line num="14" count="11" type="stmt"/>
      <line num="15" count="346" type="stmt"/>
      <line num="17" count="346" type="cond" truecount="2" falsecount="0"/>
      <line num="18" count="1" type="stmt"/>
      <line num="20" count="345" type="stmt"/>
      <line num="21" count="345" type="stmt"/>
      <line num="22" count="345" type="stmt"/>
      <line num="27" count="345" type="cond" truecount="4" falsecount="0"/>
      <line num="28" count="243" type="stmt"/>
      <line num="29" count="243" type="stmt"/>
      <line num="30" count="102" type="cond" truecount="4" falsecount="0"/>
      <line num="31" count="34" type="stmt"/>
      <line num="32" count="34" type="stmt"/>
      <line num="34" count="68" type="stmt"/>
      <line num="38" count="10" type="stmt"/>
      <line num="51" count="1" type="cond" truecount="1" falsecount="1"/>
      <line num="52" count="0" type="stmt"/>
      <line num="53" count="1" type="cond" truecount="1" falsecount="1"/>
      <line num="54" count="0" type="stmt"/>
      <line num="56" count="1" type="stmt"/>
      <line num="57" count="1" type="stmt"/>
      <line num="58" count="1" type="stmt"/>
      <line num="73" count="10" type="stmt"/>
      <line num="74" count="10" type="stmt"/>
      <line num="75" count="10" type="stmt"/>
      <line num="76" count="10" type="stmt"/>
      <line num="77" count="10" type="stmt"/>
      <line num="78" count="10" type="stmt"/>
      <line num="80" count="10" type="cond" truecount="1" falsecount="1"/>
      <line num="81" count="0" type="stmt"/>
      <line num="82" count="10" type="cond" truecount="1" falsecount="1"/>
      <line num="83" count="0" type="stmt"/>
      <line num="85" count="10" type="stmt"/>
      <line num="86" count="10" type="stmt"/>
      <line num="87" count="10" type="stmt"/>
      <line num="88" count="36" type="cond" truecount="1" falsecount="1"/>
      <line num="89" count="36" type="stmt"/>
      <line num="90" count="36" type="stmt"/>
      <line num="92" count="0" type="stmt"/>
      <line num="96" count="10" type="stmt"/>
      <line num="97" count="10" type="stmt"/>
      <line num="98" count="10" type="stmt"/>
      <line num="99" count="10" type="stmt"/>
      <line num="100" count="10" type="stmt"/>
      <line num="115" count="6" type="cond" truecount="2" falsecount="0"/>
      <line num="116" count="1" type="stmt"/>
      <line num="118" count="5" type="stmt"/>
      <line num="119" count="5" type="stmt"/>
      <line num="120" count="5" type="stmt"/>
      <line num="121" count="5" type="stmt"/>
      <line num="122" count="5" type="stmt"/>
      <line num="123" count="5" type="stmt"/>
      <line num="124" count="5" type="stmt"/>
      <line num="126" count="29" type="cond" truecount="2" falsecount="0"/>
      <line num="127" count="25" type="stmt"/>
      <line num="128" count="25" type="cond" truecount="2" falsecount="0"/>
      <line num="129" count="2" type="stmt"/>
      <line num="131" count="23" type="stmt"/>
      <line num="134" count="4" type="stmt"/>
      <line num="135" count="4" type="cond" truecount="2" falsecount="0"/>
      <line num="136" count="2" type="stmt"/>
      <line num="138" count="2" type="stmt"/>
      <line num="142" count="5" type="stmt"/>
      <line num="143" count="5" type="cond" truecount="2" falsecount="0"/>
      <line num="144" count="4" type="stmt"/>
      <line num="146" count="1" type="stmt"/>
      <line num="148" count="5" type="stmt"/>
      <line num="149" count="5" type="stmt"/>
      <line num="150" count="5" type="stmt"/>
      <line num="151" count="5" type="stmt"/>
      <line num="152" count="5" type="stmt"/>
      <line num="158" count="29" type="stmt"/>
      <line num="160" count="29" type="cond" truecount="2" falsecount="0"/>
      <line num="161" count="4" type="stmt"/>
      <line num="163" count="25" type="stmt"/>
      <line num="164" count="25" type="stmt"/>
      <line num="165" count="25" type="stmt"/>
      <line num="170" count="25" type="cond" truecount="3" falsecount="1"/>
      <line num="171" count="25" type="stmt"/>
      <line num="172" count="25" type="stmt"/>
      <line num="173" count="0" type="cond" truecount="0" falsecount="4"/>
      <line num="174" count="0" type="stmt"/>
      <line num="175" count="0" type="stmt"/>
      <line num="177" count="0" type="stmt"/>
      <line num="183" count="2" type="stmt"/>
    </file>
  </project>
</coverage>
