<?xml version="1.0" encoding="UTF-8"?>
<coverage generated="1621624108572" clover="3.2.0">
  <project timestamp="1621624108572" name="All files">
    <metrics statements="96" coveredstatements="96" conditionals="52" coveredconditionals="52" methods="7" coveredmethods="7" elements="155" coveredelements="155" complexity="0" loc="96" ncloc="96" packages="1" files="2" classes="2"/>
    <file name="paper.js" path="/Users/d.parson/Documents/GitHub/kata-pencil-durability/kata/paper.js">
      <metrics statements="4" coveredstatements="4" conditionals="2" coveredconditionals="2" methods="1" coveredmethods="1"/>
      <line num="3" count="17" type="cond" truecount="2" falsecount="0"/>
      <line num="4" count="17" type="stmt"/>
      <line num="5" count="17" type="stmt"/>
      <line num="9" count="2" type="stmt"/>
    </file>
    <file name="pencil.js" path="/Users/d.parson/Documents/GitHub/kata-pencil-durability/kata/pencil.js">
      <metrics statements="92" coveredstatements="92" conditionals="50" coveredconditionals="50" methods="6" coveredmethods="6"/>
      <line num="3" count="18" type="stmt"/>
      <line num="4" count="18" type="stmt"/>
      <line num="5" count="18" type="stmt"/>
      <line num="6" count="18" type="stmt"/>
      <line num="14" count="16" type="stmt"/>
      <line num="15" count="486" type="stmt"/>
      <line num="17" count="486" type="cond" truecount="2" falsecount="0"/>
      <line num="18" count="1" type="stmt"/>
      <line num="20" count="485" type="stmt"/>
      <line num="21" count="485" type="stmt"/>
      <line num="22" count="485" type="stmt"/>
      <line num="26" count="485" type="cond" truecount="4" falsecount="0"/>
      <line num="27" count="344" type="stmt"/>
      <line num="28" count="344" type="stmt"/>
      <line num="29" count="141" type="cond" truecount="4" falsecount="0"/>
      <line num="30" count="48" type="stmt"/>
      <line num="31" count="48" type="stmt"/>
      <line num="33" count="93" type="stmt"/>
      <line num="37" count="15" type="stmt"/>
      <line num="49" count="4" type="cond" truecount="2" falsecount="0"/>
      <line num="50" count="1" type="stmt"/>
      <line num="51" count="3" type="cond" truecount="2" falsecount="0"/>
      <line num="52" count="1" type="stmt"/>
      <line num="54" count="2" type="stmt"/>
      <line num="55" count="2" type="stmt"/>
      <line num="56" count="2" type="stmt"/>
      <line num="71" count="15" type="stmt"/>
      <line num="72" count="15" type="stmt"/>
      <line num="73" count="15" type="stmt"/>
      <line num="74" count="15" type="stmt"/>
      <line num="75" count="15" type="stmt"/>
      <line num="76" count="15" type="stmt"/>
      <line num="78" count="15" type="cond" truecount="2" falsecount="0"/>
      <line num="79" count="1" type="stmt"/>
      <line num="80" count="14" type="cond" truecount="2" falsecount="0"/>
      <line num="81" count="1" type="stmt"/>
      <line num="83" count="13" type="stmt"/>
      <line num="84" count="13" type="stmt"/>
      <line num="85" count="13" type="stmt"/>
      <line num="86" count="53" type="cond" truecount="2" falsecount="0"/>
      <line num="87" count="53" type="cond" truecount="4" falsecount="0"/>
      <line num="88" count="50" type="stmt"/>
      <line num="89" count="50" type="stmt"/>
      <line num="90" count="3" type="cond" truecount="2" falsecount="0"/>
      <line num="91" count="2" type="stmt"/>
      <line num="93" count="1" type="stmt"/>
      <line num="97" count="13" type="stmt"/>
      <line num="98" count="13" type="stmt"/>
      <line num="99" count="13" type="stmt"/>
      <line num="100" count="13" type="stmt"/>
      <line num="101" count="13" type="stmt"/>
      <line num="116" count="8" type="cond" truecount="2" falsecount="0"/>
      <line num="117" count="1" type="stmt"/>
      <line num="119" count="7" type="stmt"/>
      <line num="120" count="7" type="stmt"/>
      <line num="121" count="7" type="stmt"/>
      <line num="122" count="7" type="stmt"/>
      <line num="123" count="7" type="stmt"/>
      <line num="124" count="7" type="stmt"/>
      <line num="125" count="7" type="stmt"/>
      <line num="127" count="43" type="cond" truecount="2" falsecount="0"/>
      <line num="128" count="39" type="stmt"/>
      <line num="129" count="39" type="cond" truecount="2" falsecount="0"/>
      <line num="130" count="2" type="stmt"/>
      <line num="132" count="37" type="stmt"/>
      <line num="135" count="4" type="stmt"/>
      <line num="136" count="4" type="cond" truecount="2" falsecount="0"/>
      <line num="137" count="2" type="stmt"/>
      <line num="139" count="2" type="stmt"/>
      <line num="143" count="7" type="stmt"/>
      <line num="144" count="7" type="cond" truecount="2" falsecount="0"/>
      <line num="145" count="6" type="stmt"/>
      <line num="147" count="1" type="stmt"/>
      <line num="149" count="7" type="stmt"/>
      <line num="150" count="7" type="stmt"/>
      <line num="151" count="7" type="stmt"/>
      <line num="152" count="7" type="stmt"/>
      <line num="153" count="7" type="stmt"/>
      <line num="159" count="43" type="stmt"/>
      <line num="161" count="43" type="cond" truecount="2" falsecount="0"/>
      <line num="162" count="4" type="stmt"/>
      <line num="164" count="39" type="stmt"/>
      <line num="165" count="39" type="stmt"/>
      <line num="166" count="39" type="stmt"/>
      <line num="170" count="39" type="cond" truecount="4" falsecount="0"/>
      <line num="171" count="34" type="stmt"/>
      <line num="172" count="34" type="stmt"/>
      <line num="173" count="5" type="cond" truecount="4" falsecount="0"/>
      <line num="174" count="3" type="stmt"/>
      <line num="175" count="3" type="stmt"/>
      <line num="177" count="2" type="stmt"/>
      <line num="183" count="2" type="stmt"/>
    </file>
  </project>
</coverage>
