{"/Users/d.parson/Documents/GitHub/kata-pencil-durability/kata/paper.js": {"path":"/Users/d.parson/Documents/GitHub/kata-pencil-durability/kata/paper.js","statementMap":{"0":{"start":{"line":3,"column":8},"end":{"line":3,"column":31}},"1":{"start":{"line":4,"column":8},"end":{"line":4,"column":28}},"2":{"start":{"line":5,"column":8},"end":{"line":5,"column":30}},"3":{"start":{"line":9,"column":0},"end":{"line":9,"column":23}}},"fnMap":{"0":{"name":"(anonymous_0)","decl":{"start":{"line":2,"column":4},"end":{"line":2,"column":5}},"loc":{"start":{"line":2,"column":22},"end":{"line":6,"column":5}},"line":2}},"branchMap":{"0":{"loc":{"start":{"line":3,"column":20},"end":{"line":3,"column":30}},"type":"binary-expr","locations":[{"start":{"line":3,"column":20},"end":{"line":3,"column":24}},{"start":{"line":3,"column":28},"end":{"line":3,"column":30}}],"line":3}},"s":{"0":17,"1":17,"2":17,"3":2},"f":{"0":17},"b":{"0":[17,16]},"_coverageSchema":"1a1c01bbd47fc00a2c39e90264f33305004495a9","hash":"1fb23dc5b69296d30aa52ec9ef61eebecca44bd1"}
,"/Users/d.parson/Documents/GitHub/kata-pencil-durability/kata/pencil.js": {"path":"/Users/d.parson/Documents/GitHub/kata-pencil-durability/kata/pencil.js","statementMap":{"0":{"start":{"line":3,"column":8},"end":{"line":3,"column":35}},"1":{"start":{"line":4,"column":8},"end":{"line":8,"column":9}},"2":{"start":{"line":5,"column":12},"end":{"line":5,"column":85}},"3":{"start":{"line":7,"column":12},"end":{"line":7,"column":31}},"4":{"start":{"line":9,"column":8},"end":{"line":13,"column":9}},"5":{"start":{"line":10,"column":12},"end":{"line":10,"column":86}},"6":{"start":{"line":12,"column":12},"end":{"line":12,"column":29}},"7":{"start":{"line":14,"column":8},"end":{"line":18,"column":9}},"8":{"start":{"line":15,"column":12},"end":{"line":15,"column":87}},"9":{"start":{"line":17,"column":12},"end":{"line":17,"column":33}},"10":{"start":{"line":26,"column":8},"end":{"line":48,"column":9}},"11":{"start":{"line":26,"column":21},"end":{"line":26,"column":22}},"12":{"start":{"line":27,"column":30},"end":{"line":27,"column":46}},"13":{"start":{"line":29,"column":12},"end":{"line":47,"column":13}},"14":{"start":{"line":30,"column":16},"end":{"line":30,"column":29}},"15":{"start":{"line":32,"column":36},"end":{"line":32,"column":43}},"16":{"start":{"line":33,"column":34},"end":{"line":33,"column":75}},"17":{"start":{"line":34,"column":35},"end":{"line":34,"column":66}},"18":{"start":{"line":38,"column":16},"end":{"line":46,"column":17}},"19":{"start":{"line":39,"column":20},"end":{"line":39,"column":33}},"20":{"start":{"line":40,"column":20},"end":{"line":40,"column":46}},"21":{"start":{"line":41,"column":23},"end":{"line":46,"column":17}},"22":{"start":{"line":42,"column":20},"end":{"line":42,"column":36}},"23":{"start":{"line":43,"column":20},"end":{"line":43,"column":46}},"24":{"start":{"line":45,"column":20},"end":{"line":45,"column":38}},"25":{"start":{"line":49,"column":8},"end":{"line":49,"column":21}},"26":{"start":{"line":61,"column":8},"end":{"line":69,"column":9}},"27":{"start":{"line":62,"column":12},"end":{"line":62,"column":51}},"28":{"start":{"line":63,"column":15},"end":{"line":69,"column":9}},"29":{"start":{"line":64,"column":12},"end":{"line":64,"column":55}},"30":{"start":{"line":66,"column":12},"end":{"line":66,"column":44}},"31":{"start":{"line":67,"column":12},"end":{"line":67,"column":24}},"32":{"start":{"line":68,"column":12},"end":{"line":68,"column":19}},"33":{"start":{"line":83,"column":21},"end":{"line":83,"column":23}},"34":{"start":{"line":84,"column":25},"end":{"line":84,"column":27}},"35":{"start":{"line":85,"column":30},"end":{"line":85,"column":65}},"36":{"start":{"line":86,"column":27},"end":{"line":86,"column":45}},"37":{"start":{"line":87,"column":26},"end":{"line":87,"column":59}},"38":{"start":{"line":88,"column":27},"end":{"line":88,"column":71}},"39":{"start":{"line":90,"column":8},"end":{"line":108,"column":9}},"40":{"start":{"line":91,"column":12},"end":{"line":91,"column":80}},"41":{"start":{"line":92,"column":15},"end":{"line":108,"column":9}},"42":{"start":{"line":93,"column":12},"end":{"line":93,"column":79}},"43":{"start":{"line":95,"column":12},"end":{"line":95,"column":41}},"44":{"start":{"line":96,"column":12},"end":{"line":96,"column":50}},"45":{"start":{"line":97,"column":12},"end":{"line":107,"column":13}},"46":{"start":{"line":97,"column":25},"end":{"line":97,"column":26}},"47":{"start":{"line":98,"column":30},"end":{"line":98,"column":67}},"48":{"start":{"line":99,"column":16},"end":{"line":106,"column":17}},"49":{"start":{"line":100,"column":20},"end":{"line":100,"column":38}},"50":{"start":{"line":101,"column":20},"end":{"line":101,"column":34}},"51":{"start":{"line":102,"column":23},"end":{"line":106,"column":17}},"52":{"start":{"line":103,"column":20},"end":{"line":103,"column":38}},"53":{"start":{"line":105,"column":20},"end":{"line":105,"column":49}},"54":{"start":{"line":109,"column":8},"end":{"line":109,"column":28}},"55":{"start":{"line":110,"column":8},"end":{"line":110,"column":29}},"56":{"start":{"line":111,"column":8},"end":{"line":111,"column":29}},"57":{"start":{"line":112,"column":8},"end":{"line":112,"column":28}},"58":{"start":{"line":113,"column":8},"end":{"line":113,"column":21}},"59":{"start":{"line":128,"column":8},"end":{"line":166,"column":9}},"60":{"start":{"line":129,"column":12},"end":{"line":129,"column":84}},"61":{"start":{"line":131,"column":25},"end":{"line":131,"column":27}},"62":{"start":{"line":132,"column":29},"end":{"line":132,"column":31}},"63":{"start":{"line":133,"column":31},"end":{"line":133,"column":47}},"64":{"start":{"line":134,"column":30},"end":{"line":134,"column":63}},"65":{"start":{"line":135,"column":29},"end":{"line":135,"column":86}},"66":{"start":{"line":136,"column":29},"end":{"line":136,"column":72}},"67":{"start":{"line":137,"column":12},"end":{"line":154,"column":13}},"68":{"start":{"line":137,"column":25},"end":{"line":137,"column":26}},"69":{"start":{"line":139,"column":16},"end":{"line":153,"column":17}},"70":{"start":{"line":140,"column":34},"end":{"line":140,"column":62}},"71":{"start":{"line":141,"column":20},"end":{"line":145,"column":21}},"72":{"start":{"line":142,"column":24},"end":{"line":142,"column":50}},"73":{"start":{"line":144,"column":24},"end":{"line":144,"column":46}},"74":{"start":{"line":147,"column":34},"end":{"line":147,"column":53}},"75":{"start":{"line":148,"column":20},"end":{"line":152,"column":21}},"76":{"start":{"line":149,"column":24},"end":{"line":149,"column":50}},"77":{"start":{"line":151,"column":24},"end":{"line":151,"column":46}},"78":{"start":{"line":155,"column":8},"end":{"line":155,"column":32}},"79":{"start":{"line":156,"column":8},"end":{"line":160,"column":9}},"80":{"start":{"line":157,"column":12},"end":{"line":157,"column":33}},"81":{"start":{"line":159,"column":12},"end":{"line":159,"column":48}},"82":{"start":{"line":161,"column":8},"end":{"line":161,"column":28}},"83":{"start":{"line":162,"column":8},"end":{"line":162,"column":29}},"84":{"start":{"line":163,"column":8},"end":{"line":163,"column":27}},"85":{"start":{"line":164,"column":8},"end":{"line":164,"column":28}},"86":{"start":{"line":165,"column":8},"end":{"line":165,"column":21}},"87":{"start":{"line":171,"column":26},"end":{"line":171,"column":42}},"88":{"start":{"line":173,"column":8},"end":{"line":191,"column":9}},"89":{"start":{"line":174,"column":12},"end":{"line":174,"column":25}},"90":{"start":{"line":176,"column":32},"end":{"line":176,"column":38}},"91":{"start":{"line":177,"column":30},"end":{"line":177,"column":71}},"92":{"start":{"line":178,"column":31},"end":{"line":178,"column":62}},"93":{"start":{"line":182,"column":12},"end":{"line":190,"column":13}},"94":{"start":{"line":183,"column":16},"end":{"line":183,"column":29}},"95":{"start":{"line":184,"column":16},"end":{"line":184,"column":30}},"96":{"start":{"line":185,"column":19},"end":{"line":190,"column":13}},"97":{"start":{"line":186,"column":16},"end":{"line":186,"column":32}},"98":{"start":{"line":187,"column":16},"end":{"line":187,"column":30}},"99":{"start":{"line":189,"column":16},"end":{"line":189,"column":30}},"100":{"start":{"line":195,"column":0},"end":{"line":195,"column":24}}},"fnMap":{"0":{"name":"(anonymous_0)","decl":{"start":{"line":2,"column":4},"end":{"line":2,"column":5}},"loc":{"start":{"line":2,"column":61},"end":{"line":19,"column":5}},"line":2},"1":{"name":"(anonymous_1)","decl":{"start":{"line":21,"column":4},"end":{"line":21,"column":5}},"loc":{"start":{"line":21,"column":23},"end":{"line":50,"column":5}},"line":21},"2":{"name":"(anonymous_2)","decl":{"start":{"line":52,"column":4},"end":{"line":52,"column":5}},"loc":{"start":{"line":52,"column":14},"end":{"line":70,"column":5}},"line":52},"3":{"name":"(anonymous_3)","decl":{"start":{"line":72,"column":4},"end":{"line":72,"column":5}},"loc":{"start":{"line":72,"column":30},"end":{"line":114,"column":5}},"line":72},"4":{"name":"(anonymous_4)","decl":{"start":{"line":116,"column":4},"end":{"line":116,"column":5}},"loc":{"start":{"line":116,"column":27},"end":{"line":167,"column":5}},"line":116},"5":{"name":"(anonymous_5)","decl":{"start":{"line":169,"column":4},"end":{"line":169,"column":5}},"loc":{"start":{"line":169,"column":22},"end":{"line":192,"column":5}},"line":169}},"branchMap":{"0":{"loc":{"start":{"line":2,"column":17},"end":{"line":2,"column":59}},"type":"default-arg","locations":[{"start":{"line":2,"column":57},"end":{"line":2,"column":59}}],"line":2},"1":{"loc":{"start":{"line":2,"column":19},"end":{"line":2,"column":29}},"type":"default-arg","locations":[{"start":{"line":2,"column":27},"end":{"line":2,"column":29}}],"line":2},"2":{"loc":{"start":{"line":2,"column":31},"end":{"line":2,"column":39}},"type":"default-arg","locations":[{"start":{"line":2,"column":38},"end":{"line":2,"column":39}}],"line":2},"3":{"loc":{"start":{"line":2,"column":41},"end":{"line":2,"column":52}},"type":"default-arg","locations":[{"start":{"line":2,"column":50},"end":{"line":2,"column":52}}],"line":2},"4":{"loc":{"start":{"line":4,"column":8},"end":{"line":8,"column":9}},"type":"if","locations":[{"start":{"line":4,"column":8},"end":{"line":8,"column":9}},{"start":{"line":4,"column":8},"end":{"line":8,"column":9}}],"line":4},"5":{"loc":{"start":{"line":4,"column":12},"end":{"line":4,"column":51}},"type":"binary-expr","locations":[{"start":{"line":4,"column":12},"end":{"line":4,"column":21}},{"start":{"line":4,"column":25},"end":{"line":4,"column":51}}],"line":4},"6":{"loc":{"start":{"line":9,"column":8},"end":{"line":13,"column":9}},"type":"if","locations":[{"start":{"line":9,"column":8},"end":{"line":13,"column":9}},{"start":{"line":9,"column":8},"end":{"line":13,"column":9}}],"line":9},"7":{"loc":{"start":{"line":9,"column":12},"end":{"line":9,"column":49}},"type":"binary-expr","locations":[{"start":{"line":9,"column":12},"end":{"line":9,"column":20}},{"start":{"line":9,"column":24},"end":{"line":9,"column":49}}],"line":9},"8":{"loc":{"start":{"line":14,"column":8},"end":{"line":18,"column":9}},"type":"if","locations":[{"start":{"line":14,"column":8},"end":{"line":18,"column":9}},{"start":{"line":14,"column":8},"end":{"line":18,"column":9}}],"line":14},"9":{"loc":{"start":{"line":14,"column":12},"end":{"line":14,"column":53}},"type":"binary-expr","locations":[{"start":{"line":14,"column":12},"end":{"line":14,"column":22}},{"start":{"line":14,"column":26},"end":{"line":14,"column":53}}],"line":14},"10":{"loc":{"start":{"line":29,"column":12},"end":{"line":47,"column":13}},"type":"if","locations":[{"start":{"line":29,"column":12},"end":{"line":47,"column":13}},{"start":{"line":29,"column":12},"end":{"line":47,"column":13}}],"line":29},"11":{"loc":{"start":{"line":38,"column":16},"end":{"line":46,"column":17}},"type":"if","locations":[{"start":{"line":38,"column":16},"end":{"line":46,"column":17}},{"start":{"line":38,"column":16},"end":{"line":46,"column":17}}],"line":38},"12":{"loc":{"start":{"line":38,"column":20},"end":{"line":38,"column":43}},"type":"binary-expr","locations":[{"start":{"line":38,"column":20},"end":{"line":38,"column":29}},{"start":{"line":38,"column":33},"end":{"line":38,"column":43}}],"line":38},"13":{"loc":{"start":{"line":41,"column":23},"end":{"line":46,"column":17}},"type":"if","locations":[{"start":{"line":41,"column":23},"end":{"line":46,"column":17}},{"start":{"line":41,"column":23},"end":{"line":46,"column":17}}],"line":41},"14":{"loc":{"start":{"line":41,"column":27},"end":{"line":41,"column":51}},"type":"binary-expr","locations":[{"start":{"line":41,"column":27},"end":{"line":41,"column":37}},{"start":{"line":41,"column":41},"end":{"line":41,"column":51}}],"line":41},"15":{"loc":{"start":{"line":61,"column":8},"end":{"line":69,"column":9}},"type":"if","locations":[{"start":{"line":61,"column":8},"end":{"line":69,"column":9}},{"start":{"line":61,"column":8},"end":{"line":69,"column":9}}],"line":61},"16":{"loc":{"start":{"line":63,"column":15},"end":{"line":69,"column":9}},"type":"if","locations":[{"start":{"line":63,"column":15},"end":{"line":69,"column":9}},{"start":{"line":63,"column":15},"end":{"line":69,"column":9}}],"line":63},"17":{"loc":{"start":{"line":90,"column":8},"end":{"line":108,"column":9}},"type":"if","locations":[{"start":{"line":90,"column":8},"end":{"line":108,"column":9}},{"start":{"line":90,"column":8},"end":{"line":108,"column":9}}],"line":90},"18":{"loc":{"start":{"line":92,"column":15},"end":{"line":108,"column":9}},"type":"if","locations":[{"start":{"line":92,"column":15},"end":{"line":108,"column":9}},{"start":{"line":92,"column":15},"end":{"line":108,"column":9}}],"line":92},"19":{"loc":{"start":{"line":98,"column":30},"end":{"line":98,"column":67}},"type":"cond-expr","locations":[{"start":{"line":98,"column":55},"end":{"line":98,"column":59}},{"start":{"line":98,"column":62},"end":{"line":98,"column":67}}],"line":98},"20":{"loc":{"start":{"line":99,"column":16},"end":{"line":106,"column":17}},"type":"if","locations":[{"start":{"line":99,"column":16},"end":{"line":106,"column":17}},{"start":{"line":99,"column":16},"end":{"line":106,"column":17}}],"line":99},"21":{"loc":{"start":{"line":99,"column":20},"end":{"line":99,"column":47}},"type":"binary-expr","locations":[{"start":{"line":99,"column":20},"end":{"line":99,"column":37}},{"start":{"line":99,"column":41},"end":{"line":99,"column":47}}],"line":99},"22":{"loc":{"start":{"line":102,"column":23},"end":{"line":106,"column":17}},"type":"if","locations":[{"start":{"line":102,"column":23},"end":{"line":106,"column":17}},{"start":{"line":102,"column":23},"end":{"line":106,"column":17}}],"line":102},"23":{"loc":{"start":{"line":128,"column":8},"end":{"line":166,"column":9}},"type":"if","locations":[{"start":{"line":128,"column":8},"end":{"line":166,"column":9}},{"start":{"line":128,"column":8},"end":{"line":166,"column":9}}],"line":128},"24":{"loc":{"start":{"line":139,"column":16},"end":{"line":153,"column":17}},"type":"if","locations":[{"start":{"line":139,"column":16},"end":{"line":153,"column":17}},{"start":{"line":139,"column":16},"end":{"line":153,"column":17}}],"line":139},"25":{"loc":{"start":{"line":141,"column":20},"end":{"line":145,"column":21}},"type":"if","locations":[{"start":{"line":141,"column":20},"end":{"line":145,"column":21}},{"start":{"line":141,"column":20},"end":{"line":145,"column":21}}],"line":141},"26":{"loc":{"start":{"line":148,"column":20},"end":{"line":152,"column":21}},"type":"if","locations":[{"start":{"line":148,"column":20},"end":{"line":152,"column":21}},{"start":{"line":148,"column":20},"end":{"line":152,"column":21}}],"line":148},"27":{"loc":{"start":{"line":156,"column":8},"end":{"line":160,"column":9}},"type":"if","locations":[{"start":{"line":156,"column":8},"end":{"line":160,"column":9}},{"start":{"line":156,"column":8},"end":{"line":160,"column":9}}],"line":156},"28":{"loc":{"start":{"line":173,"column":8},"end":{"line":191,"column":9}},"type":"if","locations":[{"start":{"line":173,"column":8},"end":{"line":191,"column":9}},{"start":{"line":173,"column":8},"end":{"line":191,"column":9}}],"line":173},"29":{"loc":{"start":{"line":182,"column":12},"end":{"line":190,"column":13}},"type":"if","locations":[{"start":{"line":182,"column":12},"end":{"line":190,"column":13}},{"start":{"line":182,"column":12},"end":{"line":190,"column":13}}],"line":182},"30":{"loc":{"start":{"line":182,"column":16},"end":{"line":182,"column":40}},"type":"binary-expr","locations":[{"start":{"line":182,"column":16},"end":{"line":182,"column":25}},{"start":{"line":182,"column":29},"end":{"line":182,"column":40}}],"line":182},"31":{"loc":{"start":{"line":185,"column":19},"end":{"line":190,"column":13}},"type":"if","locations":[{"start":{"line":185,"column":19},"end":{"line":190,"column":13}},{"start":{"line":185,"column":19},"end":{"line":190,"column":13}}],"line":185},"32":{"loc":{"start":{"line":185,"column":23},"end":{"line":185,"column":48}},"type":"binary-expr","locations":[{"start":{"line":185,"column":23},"end":{"line":185,"column":33}},{"start":{"line":185,"column":37},"end":{"line":185,"column":48}}],"line":185}},"s":{"0":24,"1":24,"2":2,"3":22,"4":22,"5":2,"6":20,"7":20,"8":2,"9":18,"10":16,"11":16,"12":486,"13":486,"14":1,"15":485,"16":485,"17":485,"18":485,"19":344,"20":344,"21":141,"22":48,"23":48,"24":93,"25":15,"26":4,"27":1,"28":3,"29":1,"30":2,"31":2,"32":2,"33":16,"34":16,"35":16,"36":16,"37":16,"38":16,"39":16,"40":1,"41":15,"42":1,"43":14,"44":14,"45":14,"46":14,"47":60,"48":60,"49":56,"50":56,"51":4,"52":3,"53":1,"54":14,"55":14,"56":14,"57":14,"58":14,"59":8,"60":1,"61":7,"62":7,"63":7,"64":7,"65":7,"66":7,"67":7,"68":7,"69":43,"70":39,"71":39,"72":2,"73":37,"74":4,"75":4,"76":2,"77":2,"78":7,"79":7,"80":6,"81":1,"82":7,"83":7,"84":7,"85":7,"86":7,"87":43,"88":43,"89":4,"90":39,"91":39,"92":39,"93":39,"94":34,"95":34,"96":5,"97":3,"98":3,"99":2,"100":2},"f":{"0":24,"1":16,"2":4,"3":16,"4":8,"5":43},"b":{"0":[7],"1":[13],"2":[15],"3":[19],"4":[2,22],"5":[24,23],"6":[2,20],"7":[22,21],"8":[2,18],"9":[20,19],"10":[1,485],"11":[344,141],"12":[485,437],"13":[48,93],"14":[141,48],"15":[1,3],"16":[1,2],"17":[1,15],"18":[1,14],"19":[3,57],"20":[56,4],"21":[60,59],"22":[3,1],"23":[1,7],"24":[39,4],"25":[2,37],"26":[2,2],"27":[6,1],"28":[4,39],"29":[34,5],"30":[39,36],"31":[3,2],"32":[5,3]},"_coverageSchema":"1a1c01bbd47fc00a2c39e90264f33305004495a9","hash":"7473e801b5361bbcbfa38241908ad8d6e48a7c97"}
}
