{"/Users/d.parson/Documents/GitHub/kata-pencil-durability/kata/paper.js": {"path":"/Users/d.parson/Documents/GitHub/kata-pencil-durability/kata/paper.js","statementMap":{"0":{"start":{"line":3,"column":8},"end":{"line":3,"column":31}},"1":{"start":{"line":4,"column":8},"end":{"line":4,"column":28}},"2":{"start":{"line":5,"column":8},"end":{"line":5,"column":30}},"3":{"start":{"line":9,"column":0},"end":{"line":9,"column":23}}},"fnMap":{"0":{"name":"(anonymous_0)","decl":{"start":{"line":2,"column":4},"end":{"line":2,"column":5}},"loc":{"start":{"line":2,"column":22},"end":{"line":6,"column":5}},"line":2}},"branchMap":{"0":{"loc":{"start":{"line":3,"column":20},"end":{"line":3,"column":30}},"type":"binary-expr","locations":[{"start":{"line":3,"column":20},"end":{"line":3,"column":24}},{"start":{"line":3,"column":28},"end":{"line":3,"column":30}}],"line":3}},"s":{"0":14,"1":14,"2":14,"3":2},"f":{"0":14},"b":{"0":[14,13]},"_coverageSchema":"1a1c01bbd47fc00a2c39e90264f33305004495a9","hash":"1fb23dc5b69296d30aa52ec9ef61eebecca44bd1"}
,"/Users/d.parson/Documents/GitHub/kata-pencil-durability/kata/pencil.js": {"path":"/Users/d.parson/Documents/GitHub/kata-pencil-durability/kata/pencil.js","statementMap":{"0":{"start":{"line":3,"column":8},"end":{"line":3,"column":35}},"1":{"start":{"line":4,"column":8},"end":{"line":4,"column":27}},"2":{"start":{"line":5,"column":8},"end":{"line":5,"column":25}},"3":{"start":{"line":6,"column":8},"end":{"line":6,"column":29}},"4":{"start":{"line":14,"column":8},"end":{"line":37,"column":9}},"5":{"start":{"line":14,"column":21},"end":{"line":14,"column":22}},"6":{"start":{"line":15,"column":30},"end":{"line":15,"column":46}},"7":{"start":{"line":17,"column":12},"end":{"line":36,"column":13}},"8":{"start":{"line":18,"column":16},"end":{"line":18,"column":29}},"9":{"start":{"line":20,"column":36},"end":{"line":20,"column":43}},"10":{"start":{"line":21,"column":34},"end":{"line":21,"column":75}},"11":{"start":{"line":22,"column":35},"end":{"line":22,"column":66}},"12":{"start":{"line":27,"column":16},"end":{"line":35,"column":17}},"13":{"start":{"line":28,"column":20},"end":{"line":28,"column":33}},"14":{"start":{"line":29,"column":20},"end":{"line":29,"column":46}},"15":{"start":{"line":30,"column":23},"end":{"line":35,"column":17}},"16":{"start":{"line":31,"column":20},"end":{"line":31,"column":36}},"17":{"start":{"line":32,"column":20},"end":{"line":32,"column":46}},"18":{"start":{"line":34,"column":20},"end":{"line":34,"column":38}},"19":{"start":{"line":38,"column":8},"end":{"line":38,"column":21}},"20":{"start":{"line":50,"column":8},"end":{"line":50,"column":51}},"21":{"start":{"line":51,"column":8},"end":{"line":59,"column":9}},"22":{"start":{"line":52,"column":12},"end":{"line":52,"column":51}},"23":{"start":{"line":53,"column":15},"end":{"line":59,"column":9}},"24":{"start":{"line":54,"column":12},"end":{"line":54,"column":55}},"25":{"start":{"line":56,"column":12},"end":{"line":56,"column":44}},"26":{"start":{"line":57,"column":12},"end":{"line":57,"column":24}},"27":{"start":{"line":58,"column":12},"end":{"line":58,"column":19}},"28":{"start":{"line":73,"column":21},"end":{"line":73,"column":23}},"29":{"start":{"line":74,"column":25},"end":{"line":74,"column":27}},"30":{"start":{"line":75,"column":30},"end":{"line":75,"column":65}},"31":{"start":{"line":76,"column":27},"end":{"line":76,"column":45}},"32":{"start":{"line":77,"column":26},"end":{"line":77,"column":59}},"33":{"start":{"line":78,"column":27},"end":{"line":78,"column":71}},"34":{"start":{"line":80,"column":8},"end":{"line":95,"column":9}},"35":{"start":{"line":81,"column":12},"end":{"line":81,"column":80}},"36":{"start":{"line":82,"column":15},"end":{"line":95,"column":9}},"37":{"start":{"line":83,"column":12},"end":{"line":83,"column":79}},"38":{"start":{"line":85,"column":12},"end":{"line":85,"column":41}},"39":{"start":{"line":86,"column":12},"end":{"line":86,"column":50}},"40":{"start":{"line":87,"column":12},"end":{"line":94,"column":13}},"41":{"start":{"line":87,"column":25},"end":{"line":87,"column":26}},"42":{"start":{"line":88,"column":16},"end":{"line":93,"column":17}},"43":{"start":{"line":89,"column":20},"end":{"line":89,"column":38}},"44":{"start":{"line":90,"column":20},"end":{"line":90,"column":34}},"45":{"start":{"line":92,"column":20},"end":{"line":92,"column":49}},"46":{"start":{"line":96,"column":8},"end":{"line":96,"column":28}},"47":{"start":{"line":97,"column":8},"end":{"line":97,"column":29}},"48":{"start":{"line":98,"column":8},"end":{"line":98,"column":29}},"49":{"start":{"line":99,"column":8},"end":{"line":99,"column":28}},"50":{"start":{"line":100,"column":8},"end":{"line":100,"column":21}},"51":{"start":{"line":115,"column":8},"end":{"line":153,"column":9}},"52":{"start":{"line":116,"column":12},"end":{"line":116,"column":84}},"53":{"start":{"line":118,"column":25},"end":{"line":118,"column":27}},"54":{"start":{"line":119,"column":29},"end":{"line":119,"column":31}},"55":{"start":{"line":120,"column":31},"end":{"line":120,"column":47}},"56":{"start":{"line":121,"column":30},"end":{"line":121,"column":63}},"57":{"start":{"line":122,"column":29},"end":{"line":122,"column":86}},"58":{"start":{"line":123,"column":29},"end":{"line":123,"column":72}},"59":{"start":{"line":124,"column":12},"end":{"line":141,"column":13}},"60":{"start":{"line":124,"column":25},"end":{"line":124,"column":26}},"61":{"start":{"line":126,"column":16},"end":{"line":140,"column":17}},"62":{"start":{"line":127,"column":34},"end":{"line":127,"column":62}},"63":{"start":{"line":128,"column":20},"end":{"line":132,"column":21}},"64":{"start":{"line":129,"column":24},"end":{"line":129,"column":50}},"65":{"start":{"line":131,"column":24},"end":{"line":131,"column":46}},"66":{"start":{"line":134,"column":34},"end":{"line":134,"column":53}},"67":{"start":{"line":135,"column":20},"end":{"line":139,"column":21}},"68":{"start":{"line":136,"column":24},"end":{"line":136,"column":50}},"69":{"start":{"line":138,"column":24},"end":{"line":138,"column":46}},"70":{"start":{"line":142,"column":8},"end":{"line":142,"column":32}},"71":{"start":{"line":143,"column":8},"end":{"line":147,"column":9}},"72":{"start":{"line":144,"column":12},"end":{"line":144,"column":33}},"73":{"start":{"line":146,"column":12},"end":{"line":146,"column":48}},"74":{"start":{"line":148,"column":8},"end":{"line":148,"column":28}},"75":{"start":{"line":149,"column":8},"end":{"line":149,"column":29}},"76":{"start":{"line":150,"column":8},"end":{"line":150,"column":27}},"77":{"start":{"line":151,"column":8},"end":{"line":151,"column":28}},"78":{"start":{"line":152,"column":8},"end":{"line":152,"column":21}},"79":{"start":{"line":158,"column":26},"end":{"line":158,"column":42}},"80":{"start":{"line":160,"column":8},"end":{"line":179,"column":9}},"81":{"start":{"line":161,"column":12},"end":{"line":161,"column":25}},"82":{"start":{"line":163,"column":32},"end":{"line":163,"column":38}},"83":{"start":{"line":164,"column":30},"end":{"line":164,"column":71}},"84":{"start":{"line":165,"column":31},"end":{"line":165,"column":62}},"85":{"start":{"line":170,"column":12},"end":{"line":178,"column":13}},"86":{"start":{"line":171,"column":16},"end":{"line":171,"column":29}},"87":{"start":{"line":172,"column":16},"end":{"line":172,"column":30}},"88":{"start":{"line":173,"column":19},"end":{"line":178,"column":13}},"89":{"start":{"line":174,"column":16},"end":{"line":174,"column":32}},"90":{"start":{"line":175,"column":16},"end":{"line":175,"column":30}},"91":{"start":{"line":177,"column":16},"end":{"line":177,"column":30}},"92":{"start":{"line":183,"column":0},"end":{"line":183,"column":24}}},"fnMap":{"0":{"name":"(anonymous_0)","decl":{"start":{"line":2,"column":4},"end":{"line":2,"column":5}},"loc":{"start":{"line":2,"column":61},"end":{"line":7,"column":5}},"line":2},"1":{"name":"(anonymous_1)","decl":{"start":{"line":9,"column":4},"end":{"line":9,"column":5}},"loc":{"start":{"line":9,"column":23},"end":{"line":39,"column":5}},"line":9},"2":{"name":"(anonymous_2)","decl":{"start":{"line":41,"column":4},"end":{"line":41,"column":5}},"loc":{"start":{"line":41,"column":14},"end":{"line":60,"column":5}},"line":41},"3":{"name":"(anonymous_3)","decl":{"start":{"line":62,"column":4},"end":{"line":62,"column":5}},"loc":{"start":{"line":62,"column":30},"end":{"line":101,"column":5}},"line":62},"4":{"name":"(anonymous_4)","decl":{"start":{"line":103,"column":4},"end":{"line":103,"column":5}},"loc":{"start":{"line":103,"column":27},"end":{"line":154,"column":5}},"line":103},"5":{"name":"(anonymous_5)","decl":{"start":{"line":156,"column":4},"end":{"line":156,"column":5}},"loc":{"start":{"line":156,"column":22},"end":{"line":180,"column":5}},"line":156}},"branchMap":{"0":{"loc":{"start":{"line":2,"column":17},"end":{"line":2,"column":59}},"type":"default-arg","locations":[{"start":{"line":2,"column":57},"end":{"line":2,"column":59}}],"line":2},"1":{"loc":{"start":{"line":2,"column":19},"end":{"line":2,"column":29}},"type":"default-arg","locations":[{"start":{"line":2,"column":27},"end":{"line":2,"column":29}}],"line":2},"2":{"loc":{"start":{"line":2,"column":31},"end":{"line":2,"column":39}},"type":"default-arg","locations":[{"start":{"line":2,"column":38},"end":{"line":2,"column":39}}],"line":2},"3":{"loc":{"start":{"line":2,"column":41},"end":{"line":2,"column":52}},"type":"default-arg","locations":[{"start":{"line":2,"column":50},"end":{"line":2,"column":52}}],"line":2},"4":{"loc":{"start":{"line":17,"column":12},"end":{"line":36,"column":13}},"type":"if","locations":[{"start":{"line":17,"column":12},"end":{"line":36,"column":13}},{"start":{"line":17,"column":12},"end":{"line":36,"column":13}}],"line":17},"5":{"loc":{"start":{"line":27,"column":16},"end":{"line":35,"column":17}},"type":"if","locations":[{"start":{"line":27,"column":16},"end":{"line":35,"column":17}},{"start":{"line":27,"column":16},"end":{"line":35,"column":17}}],"line":27},"6":{"loc":{"start":{"line":27,"column":20},"end":{"line":27,"column":43}},"type":"binary-expr","locations":[{"start":{"line":27,"column":20},"end":{"line":27,"column":29}},{"start":{"line":27,"column":33},"end":{"line":27,"column":43}}],"line":27},"7":{"loc":{"start":{"line":30,"column":23},"end":{"line":35,"column":17}},"type":"if","locations":[{"start":{"line":30,"column":23},"end":{"line":35,"column":17}},{"start":{"line":30,"column":23},"end":{"line":35,"column":17}}],"line":30},"8":{"loc":{"start":{"line":30,"column":27},"end":{"line":30,"column":51}},"type":"binary-expr","locations":[{"start":{"line":30,"column":27},"end":{"line":30,"column":37}},{"start":{"line":30,"column":41},"end":{"line":30,"column":51}}],"line":30},"9":{"loc":{"start":{"line":51,"column":8},"end":{"line":59,"column":9}},"type":"if","locations":[{"start":{"line":51,"column":8},"end":{"line":59,"column":9}},{"start":{"line":51,"column":8},"end":{"line":59,"column":9}}],"line":51},"10":{"loc":{"start":{"line":53,"column":15},"end":{"line":59,"column":9}},"type":"if","locations":[{"start":{"line":53,"column":15},"end":{"line":59,"column":9}},{"start":{"line":53,"column":15},"end":{"line":59,"column":9}}],"line":53},"11":{"loc":{"start":{"line":80,"column":8},"end":{"line":95,"column":9}},"type":"if","locations":[{"start":{"line":80,"column":8},"end":{"line":95,"column":9}},{"start":{"line":80,"column":8},"end":{"line":95,"column":9}}],"line":80},"12":{"loc":{"start":{"line":82,"column":15},"end":{"line":95,"column":9}},"type":"if","locations":[{"start":{"line":82,"column":15},"end":{"line":95,"column":9}},{"start":{"line":82,"column":15},"end":{"line":95,"column":9}}],"line":82},"13":{"loc":{"start":{"line":88,"column":16},"end":{"line":93,"column":17}},"type":"if","locations":[{"start":{"line":88,"column":16},"end":{"line":93,"column":17}},{"start":{"line":88,"column":16},"end":{"line":93,"column":17}}],"line":88},"14":{"loc":{"start":{"line":115,"column":8},"end":{"line":153,"column":9}},"type":"if","locations":[{"start":{"line":115,"column":8},"end":{"line":153,"column":9}},{"start":{"line":115,"column":8},"end":{"line":153,"column":9}}],"line":115},"15":{"loc":{"start":{"line":126,"column":16},"end":{"line":140,"column":17}},"type":"if","locations":[{"start":{"line":126,"column":16},"end":{"line":140,"column":17}},{"start":{"line":126,"column":16},"end":{"line":140,"column":17}}],"line":126},"16":{"loc":{"start":{"line":128,"column":20},"end":{"line":132,"column":21}},"type":"if","locations":[{"start":{"line":128,"column":20},"end":{"line":132,"column":21}},{"start":{"line":128,"column":20},"end":{"line":132,"column":21}}],"line":128},"17":{"loc":{"start":{"line":135,"column":20},"end":{"line":139,"column":21}},"type":"if","locations":[{"start":{"line":135,"column":20},"end":{"line":139,"column":21}},{"start":{"line":135,"column":20},"end":{"line":139,"column":21}}],"line":135},"18":{"loc":{"start":{"line":143,"column":8},"end":{"line":147,"column":9}},"type":"if","locations":[{"start":{"line":143,"column":8},"end":{"line":147,"column":9}},{"start":{"line":143,"column":8},"end":{"line":147,"column":9}}],"line":143},"19":{"loc":{"start":{"line":160,"column":8},"end":{"line":179,"column":9}},"type":"if","locations":[{"start":{"line":160,"column":8},"end":{"line":179,"column":9}},{"start":{"line":160,"column":8},"end":{"line":179,"column":9}}],"line":160},"20":{"loc":{"start":{"line":170,"column":12},"end":{"line":178,"column":13}},"type":"if","locations":[{"start":{"line":170,"column":12},"end":{"line":178,"column":13}},{"start":{"line":170,"column":12},"end":{"line":178,"column":13}}],"line":170},"21":{"loc":{"start":{"line":170,"column":16},"end":{"line":170,"column":39}},"type":"binary-expr","locations":[{"start":{"line":170,"column":16},"end":{"line":170,"column":25}},{"start":{"line":170,"column":29},"end":{"line":170,"column":39}}],"line":170},"22":{"loc":{"start":{"line":173,"column":19},"end":{"line":178,"column":13}},"type":"if","locations":[{"start":{"line":173,"column":19},"end":{"line":178,"column":13}},{"start":{"line":173,"column":19},"end":{"line":178,"column":13}}],"line":173},"23":{"loc":{"start":{"line":173,"column":23},"end":{"line":173,"column":47}},"type":"binary-expr","locations":[{"start":{"line":173,"column":23},"end":{"line":173,"column":33}},{"start":{"line":173,"column":37},"end":{"line":173,"column":47}}],"line":173}},"s":{"0":15,"1":15,"2":15,"3":15,"4":13,"5":13,"6":366,"7":366,"8":1,"9":365,"10":365,"11":365,"12":365,"13":260,"14":260,"15":105,"16":35,"17":35,"18":70,"19":12,"20":4,"21":4,"22":1,"23":3,"24":1,"25":2,"26":2,"27":2,"28":11,"29":11,"30":11,"31":11,"32":11,"33":11,"34":11,"35":1,"36":10,"37":0,"38":10,"39":10,"40":10,"41":10,"42":36,"43":36,"44":36,"45":0,"46":10,"47":10,"48":10,"49":10,"50":10,"51":6,"52":1,"53":5,"54":5,"55":5,"56":5,"57":5,"58":5,"59":5,"60":5,"61":29,"62":25,"63":25,"64":2,"65":23,"66":4,"67":4,"68":2,"69":2,"70":5,"71":5,"72":4,"73":1,"74":5,"75":5,"76":5,"77":5,"78":5,"79":29,"80":29,"81":4,"82":25,"83":25,"84":25,"85":25,"86":25,"87":25,"88":0,"89":0,"90":0,"91":0,"92":2},"f":{"0":15,"1":13,"2":4,"3":11,"4":6,"5":29},"b":{"0":[7],"1":[8],"2":[11],"3":[14],"4":[1,365],"5":[260,105],"6":[365,330],"7":[35,70],"8":[105,35],"9":[1,3],"10":[1,2],"11":[1,10],"12":[0,10],"13":[36,0],"14":[1,5],"15":[25,4],"16":[2,23],"17":[2,2],"18":[4,1],"19":[4,25],"20":[25,0],"21":[25,25],"22":[0,0],"23":[0,0]},"_coverageSchema":"1a1c01bbd47fc00a2c39e90264f33305004495a9","hash":"e1adff441c438a74f57169df7b5d432ce82e961f"}
}
