TN:
SF:kata/paper.js
FN:2,(anonymous_0)
FNF:1
FNH:1
FNDA:17,(anonymous_0)
DA:3,17
DA:4,17
DA:5,17
DA:9,2
LF:4
LH:4
BRDA:3,0,0,17
BRDA:3,0,1,16
BRF:2
BRH:2
end_of_record
TN:
SF:kata/pencil.js
FN:2,(anonymous_0)
FN:9,(anonymous_1)
FN:40,(anonymous_2)
FN:60,(anonymous_3)
FN:104,(anonymous_4)
FN:157,(anonymous_5)
FNF:6
FNH:6
FNDA:18,(anonymous_0)
FNDA:16,(anonymous_1)
FNDA:4,(anonymous_2)
FNDA:16,(anonymous_3)
FNDA:8,(anonymous_4)
FNDA:43,(anonymous_5)
DA:3,18
DA:4,18
DA:5,18
DA:6,18
DA:14,16
DA:15,486
DA:17,486
DA:18,1
DA:20,485
DA:21,485
DA:22,485
DA:26,485
DA:27,344
DA:28,344
DA:29,141
DA:30,48
DA:31,48
DA:33,93
DA:37,15
DA:49,4
DA:50,1
DA:51,3
DA:52,1
DA:54,2
DA:55,2
DA:56,2
DA:71,16
DA:72,16
DA:73,16
DA:74,16
DA:75,16
DA:76,16
DA:78,16
DA:79,1
DA:80,15
DA:81,1
DA:83,14
DA:84,14
DA:85,14
DA:86,60
DA:87,60
DA:88,56
DA:89,56
DA:90,4
DA:91,3
DA:93,1
DA:97,14
DA:98,14
DA:99,14
DA:100,14
DA:101,14
DA:116,8
DA:117,1
DA:119,7
DA:120,7
DA:121,7
DA:122,7
DA:123,7
DA:124,7
DA:125,7
DA:127,43
DA:128,39
DA:129,39
DA:130,2
DA:132,37
DA:135,4
DA:136,4
DA:137,2
DA:139,2
DA:143,7
DA:144,7
DA:145,6
DA:147,1
DA:149,7
DA:150,7
DA:151,7
DA:152,7
DA:153,7
DA:159,43
DA:161,43
DA:162,4
DA:164,39
DA:165,39
DA:166,39
DA:170,39
DA:171,34
DA:172,34
DA:173,5
DA:174,3
DA:175,3
DA:177,2
DA:183,2
LF:92
LH:92
BRDA:2,0,0,7
BRDA:2,1,0,11
BRDA:2,2,0,13
BRDA:2,3,0,15
BRDA:17,4,0,1
BRDA:17,4,1,485
BRDA:26,5,0,344
BRDA:26,5,1,141
BRDA:26,6,0,485
BRDA:26,6,1,437
BRDA:29,7,0,48
BRDA:29,7,1,93
BRDA:29,8,0,141
BRDA:29,8,1,48
BRDA:49,9,0,1
BRDA:49,9,1,3
BRDA:51,10,0,1
BRDA:51,10,1,2
BRDA:78,11,0,1
BRDA:78,11,1,15
BRDA:80,12,0,1
BRDA:80,12,1,14
BRDA:86,13,0,3
BRDA:86,13,1,57
BRDA:87,14,0,56
BRDA:87,14,1,4
BRDA:87,15,0,60
BRDA:87,15,1,59
BRDA:90,16,0,3
BRDA:90,16,1,1
BRDA:116,17,0,1
BRDA:116,17,1,7
BRDA:127,18,0,39
BRDA:127,18,1,4
BRDA:129,19,0,2
BRDA:129,19,1,37
BRDA:136,20,0,2
BRDA:136,20,1,2
BRDA:144,21,0,6
BRDA:144,21,1,1
BRDA:161,22,0,4
BRDA:161,22,1,39
BRDA:170,23,0,34
BRDA:170,23,1,5
BRDA:170,24,0,39
BRDA:170,24,1,36
BRDA:173,25,0,3
BRDA:173,25,1,2
BRDA:173,26,0,5
BRDA:173,26,1,3
BRF:50
BRH:50
end_of_record
