TN:
SF:kata/paper.js
FN:2,(anonymous_0)
FNF:1
FNH:1
FNDA:15,(anonymous_0)
DA:3,15
DA:4,15
DA:5,15
DA:9,2
LF:4
LH:4
BRDA:3,0,0,15
BRDA:3,0,1,14
BRF:2
BRH:2
end_of_record
TN:
SF:kata/pencil.js
FN:2,(anonymous_0)
FN:9,(anonymous_1)
FN:41,(anonymous_2)
FN:61,(anonymous_3)
FN:102,(anonymous_4)
FN:155,(anonymous_5)
FNF:6
FNH:6
FNDA:16,(anonymous_0)
FNDA:14,(anonymous_1)
FNDA:4,(anonymous_2)
FNDA:12,(anonymous_3)
FNDA:6,(anonymous_4)
FNDA:29,(anonymous_5)
DA:3,16
DA:4,16
DA:5,16
DA:6,16
DA:14,14
DA:15,408
DA:17,408
DA:18,1
DA:20,407
DA:21,407
DA:22,407
DA:27,407
DA:28,288
DA:29,288
DA:30,119
DA:31,41
DA:32,41
DA:34,78
DA:38,13
DA:50,4
DA:51,1
DA:52,3
DA:53,1
DA:55,2
DA:56,2
DA:57,2
DA:72,12
DA:73,12
DA:74,12
DA:75,12
DA:76,12
DA:77,12
DA:79,12
DA:80,1
DA:81,11
DA:82,1
DA:84,10
DA:85,10
DA:86,10
DA:87,36
DA:88,36
DA:89,36
DA:91,0
DA:95,10
DA:96,10
DA:97,10
DA:98,10
DA:99,10
DA:114,6
DA:115,1
DA:117,5
DA:118,5
DA:119,5
DA:120,5
DA:121,5
DA:122,5
DA:123,5
DA:125,29
DA:126,25
DA:127,25
DA:128,2
DA:130,23
DA:133,4
DA:134,4
DA:135,2
DA:137,2
DA:141,5
DA:142,5
DA:143,4
DA:145,1
DA:147,5
DA:148,5
DA:149,5
DA:150,5
DA:151,5
DA:157,29
DA:159,29
DA:160,4
DA:162,25
DA:163,25
DA:164,25
DA:169,25
DA:170,25
DA:171,25
DA:172,0
DA:173,0
DA:174,0
DA:176,0
DA:182,2
LF:89
LH:84
BRDA:2,0,0,7
BRDA:2,1,0,9
BRDA:2,2,0,12
BRDA:2,3,0,14
BRDA:17,4,0,1
BRDA:17,4,1,407
BRDA:27,5,0,288
BRDA:27,5,1,119
BRDA:27,6,0,407
BRDA:27,6,1,366
BRDA:30,7,0,41
BRDA:30,7,1,78
BRDA:30,8,0,119
BRDA:30,8,1,41
BRDA:50,9,0,1
BRDA:50,9,1,3
BRDA:52,10,0,1
BRDA:52,10,1,2
BRDA:79,11,0,1
BRDA:79,11,1,11
BRDA:81,12,0,1
BRDA:81,12,1,10
BRDA:87,13,0,36
BRDA:87,13,1,0
BRDA:114,14,0,1
BRDA:114,14,1,5
BRDA:125,15,0,25
BRDA:125,15,1,4
BRDA:127,16,0,2
BRDA:127,16,1,23
BRDA:134,17,0,2
BRDA:134,17,1,2
BRDA:142,18,0,4
BRDA:142,18,1,1
BRDA:159,19,0,4
BRDA:159,19,1,25
BRDA:169,20,0,25
BRDA:169,20,1,0
BRDA:169,21,0,25
BRDA:169,21,1,25
BRDA:172,22,0,0
BRDA:172,22,1,0
BRDA:172,23,0,0
BRDA:172,23,1,0
BRF:44
BRH:38
end_of_record
